<?xml version="1.0" encoding="UTF-8"?>
<testsuite name="guru.qa.SelenideTest" tests="1" skipped="0" failures="0" errors="0" timestamp="2022-09-01T19:21:58" hostname="DESKTOP-I30F35D" time="1.773">
  <properties/>
  <testcase name="testIssueSearch()" classname="guru.qa.SelenideTest" time="1.773"/>
  <system-out><![CDATA[]]></system-out>
  <system-err><![CDATA[]]></system-err>
</testsuite>
