<?xml version="1.0" encoding="UTF-8"?>
<testsuite name="guru.qa.StepsTest" tests="1" skipped="0" failures="0" errors="0" timestamp="2022-09-01T19:22:00" hostname="DESKTOP-I30F35D" time="1.645">
  <properties/>
  <testcase name="Проверка Issue для неавторизованного пользователя" classname="guru.qa.StepsTest" time="1.645"/>
  <system-out><![CDATA[]]></system-out>
  <system-err><![CDATA[]]></system-err>
</testsuite>
